{"asctime": "2024-12-07T15:32:33", "msecs": 366.0, "levelname": "INFO", "correlation_id": "-", "name": "storeapi.main", "lineno": 18, "message": "Starting up...", "taskName": "Task-2"}
{"asctime": "2024-12-07T15:32:33", "msecs": 370.0, "levelname": "INFO", "correlation_id": "-", "name": "uvicorn.error", "lineno": 62, "message": "Application startup complete.", "taskName": "Task-1"}
{"asctime": "2024-12-07T15:32:48", "msecs": 887.0, "levelname": "INFO", "correlation_id": "bdd11f40", "name": "storeapi.routers.post", "lineno": 51, "message": "Creating comment for post id 1", "taskName": "Task-4"}
{"asctime": "2024-12-07T15:32:48", "msecs": 888.0, "levelname": "INFO", "correlation_id": "bdd11f40", "name": "storeapi.routers.post", "lineno": 20, "message": "Finding post with id 1", "taskName": "Task-4"}
{"asctime": "2024-12-07T15:32:48", "msecs": 900.0, "levelname": "DEBUG", "correlation_id": "bdd11f40", "name": "storeapi.routers.post", "lineno": 22, "message": "SELECT posts.id, posts.body \nFROM posts \nWHERE posts.id = :id_1", "taskName": "Task-4"}
{"asctime": "2024-12-07T15:32:48", "msecs": 908.0, "levelname": "DEBUG", "correlation_id": "bdd11f40", "name": "storeapi.routers.post", "lineno": 55, "message": "INSERT INTO comments (body, post_id) VALUES (:body, :post_id)", "taskName": "Task-4"}
{"asctime": "2024-12-07T15:32:48", "msecs": 920.0, "levelname": "INFO", "correlation_id": "bdd11f40", "name": "uvicorn.access", "lineno": 476, "message": "127.0.0.1:64051 - \"POST /comment HTTP/1.1\" 201", "taskName": "Task-4"}
{"asctime": "2024-12-07T15:32:52", "msecs": 883.0, "levelname": "INFO", "correlation_id": "81fd6b31", "name": "storeapi.routers.post", "lineno": 33, "message": "Creating post", "taskName": "Task-5"}
{"asctime": "2024-12-07T15:32:52", "msecs": 885.0, "levelname": "DEBUG", "correlation_id": "81fd6b31", "name": "storeapi.routers.post", "lineno": 36, "message": "INSERT INTO posts (body) VALUES (:body)", "taskName": "Task-5"}
{"asctime": "2024-12-07T15:32:52", "msecs": 902.0, "levelname": "INFO", "correlation_id": "81fd6b31", "name": "uvicorn.access", "lineno": 476, "message": "127.0.0.1:64051 - \"POST /post HTTP/1.1\" 201", "taskName": "Task-5"}
{"asctime": "2024-12-07T15:32:54", "msecs": 203.0, "levelname": "INFO", "correlation_id": "644596d9", "name": "storeapi.routers.post", "lineno": 33, "message": "Creating post", "taskName": "Task-6"}
{"asctime": "2024-12-07T15:32:54", "msecs": 205.0, "levelname": "DEBUG", "correlation_id": "644596d9", "name": "storeapi.routers.post", "lineno": 36, "message": "INSERT INTO posts (body) VALUES (:body)", "taskName": "Task-6"}
{"asctime": "2024-12-07T15:32:54", "msecs": 223.0, "levelname": "INFO", "correlation_id": "644596d9", "name": "uvicorn.access", "lineno": 476, "message": "127.0.0.1:64051 - \"POST /post HTTP/1.1\" 201", "taskName": "Task-6"}
{"asctime": "2024-12-07T15:32:58", "msecs": 656.0, "levelname": "INFO", "correlation_id": "785b5b3d", "name": "storeapi.routers.post", "lineno": 62, "message": "Getting comments for post 1", "taskName": "Task-7"}
{"asctime": "2024-12-07T15:32:58", "msecs": 657.0, "levelname": "DEBUG", "correlation_id": "785b5b3d", "name": "storeapi.routers.post", "lineno": 64, "message": "SELECT comments.id, comments.body, comments.post_id \nFROM comments \nWHERE comments.post_id = :post_id_1", "taskName": "Task-7"}
{"asctime": "2024-12-07T15:32:58", "msecs": 661.0, "levelname": "INFO", "correlation_id": "785b5b3d", "name": "uvicorn.access", "lineno": 476, "message": "127.0.0.1:64051 - \"GET /post/1/comment HTTP/1.1\" 200", "taskName": "Task-7"}
{"asctime": "2024-12-07T15:33:02", "msecs": 751.0, "levelname": "INFO", "correlation_id": "e74d1c37", "name": "storeapi.routers.post", "lineno": 70, "message": "Getting post with comments for post 0", "taskName": "Task-8"}
{"asctime": "2024-12-07T15:33:02", "msecs": 753.0, "levelname": "INFO", "correlation_id": "e74d1c37", "name": "storeapi.routers.post", "lineno": 20, "message": "Finding post with id 0", "taskName": "Task-8"}
{"asctime": "2024-12-07T15:33:02", "msecs": 754.0, "levelname": "DEBUG", "correlation_id": "e74d1c37", "name": "storeapi.routers.post", "lineno": 22, "message": "SELECT posts.id, posts.body \nFROM posts \nWHERE posts.id = :id_1", "taskName": "Task-8"}
{"asctime": "2024-12-07T15:33:02", "msecs": 758.0, "levelname": "ERROR", "correlation_id": "e74d1c37", "name": "storeapi.main", "lineno": 31, "message": "HTTP Exception: 404 Post with id 0 not found", "taskName": "Task-8"}
{"asctime": "2024-12-07T15:33:02", "msecs": 760.0, "levelname": "INFO", "correlation_id": "e74d1c37", "name": "uvicorn.access", "lineno": 476, "message": "127.0.0.1:64051 - \"GET /post/0 HTTP/1.1\" 404", "taskName": "Task-8"}
{"asctime": "2024-12-07T15:33:04", "msecs": 755.0, "levelname": "INFO", "correlation_id": "98c1bbdd", "name": "storeapi.routers.post", "lineno": 70, "message": "Getting post with comments for post 0", "taskName": "Task-9"}
{"asctime": "2024-12-07T15:33:04", "msecs": 757.0, "levelname": "INFO", "correlation_id": "98c1bbdd", "name": "storeapi.routers.post", "lineno": 20, "message": "Finding post with id 0", "taskName": "Task-9"}
{"asctime": "2024-12-07T15:33:04", "msecs": 758.0, "levelname": "DEBUG", "correlation_id": "98c1bbdd", "name": "storeapi.routers.post", "lineno": 22, "message": "SELECT posts.id, posts.body \nFROM posts \nWHERE posts.id = :id_1", "taskName": "Task-9"}
{"asctime": "2024-12-07T15:33:04", "msecs": 762.0, "levelname": "ERROR", "correlation_id": "98c1bbdd", "name": "storeapi.main", "lineno": 31, "message": "HTTP Exception: 404 Post with id 0 not found", "taskName": "Task-9"}
{"asctime": "2024-12-07T15:33:04", "msecs": 764.0, "levelname": "INFO", "correlation_id": "98c1bbdd", "name": "uvicorn.access", "lineno": 476, "message": "127.0.0.1:64051 - \"GET /post/0 HTTP/1.1\" 404", "taskName": "Task-9"}
{"asctime": "2024-12-07T15:33:13", "msecs": 596.0, "levelname": "INFO", "correlation_id": "dffc8980", "name": "storeapi.routers.post", "lineno": 70, "message": "Getting post with comments for post 1", "taskName": "Task-11"}
{"asctime": "2024-12-07T15:33:13", "msecs": 598.0, "levelname": "INFO", "correlation_id": "dffc8980", "name": "storeapi.routers.post", "lineno": 20, "message": "Finding post with id 1", "taskName": "Task-11"}
{"asctime": "2024-12-07T15:33:13", "msecs": 600.0, "levelname": "DEBUG", "correlation_id": "dffc8980", "name": "storeapi.routers.post", "lineno": 22, "message": "SELECT posts.id, posts.body \nFROM posts \nWHERE posts.id = :id_1", "taskName": "Task-11"}
{"asctime": "2024-12-07T15:33:13", "msecs": 606.0, "levelname": "INFO", "correlation_id": "dffc8980", "name": "storeapi.routers.post", "lineno": 62, "message": "Getting comments for post 1", "taskName": "Task-11"}
{"asctime": "2024-12-07T15:33:13", "msecs": 608.0, "levelname": "DEBUG", "correlation_id": "dffc8980", "name": "storeapi.routers.post", "lineno": 64, "message": "SELECT comments.id, comments.body, comments.post_id \nFROM comments \nWHERE comments.post_id = :post_id_1", "taskName": "Task-11"}
{"asctime": "2024-12-07T15:33:13", "msecs": 614.0, "levelname": "INFO", "correlation_id": "dffc8980", "name": "uvicorn.access", "lineno": 476, "message": "127.0.0.1:64370 - \"GET /post/1 HTTP/1.1\" 200", "taskName": "Task-11"}
{"asctime": "2024-12-07T15:33:20", "msecs": 664.0, "levelname": "INFO", "correlation_id": "-", "name": "uvicorn.error", "lineno": 262, "message": "Shutting down", "taskName": "Task-1"}
{"asctime": "2024-12-07T15:33:20", "msecs": 773.0, "levelname": "INFO", "correlation_id": "-", "name": "uvicorn.error", "lineno": 67, "message": "Waiting for application shutdown.", "taskName": "Task-1"}
{"asctime": "2024-12-07T15:33:20", "msecs": 775.0, "levelname": "INFO", "correlation_id": "-", "name": "uvicorn.error", "lineno": 76, "message": "Application shutdown complete.", "taskName": "Task-1"}
{"asctime": "2024-12-07T15:33:20", "msecs": 777.0, "levelname": "INFO", "correlation_id": "-", "name": "uvicorn.error", "lineno": 92, "message": "Finished server process [21036]", "taskName": "Task-1", "color_message": "Finished server process [\u001b[36m%d\u001b[0m]"}
{"asctime": "2024-12-07T16:15:13", "msecs": 510.0, "levelname": "INFO", "correlation_id": "-", "name": "storeapi.main", "lineno": 18, "message": "Starting up...", "taskName": "Task-2"}
{"asctime": "2024-12-07T16:15:13", "msecs": 514.0, "levelname": "INFO", "correlation_id": "-", "name": "uvicorn.error", "lineno": 62, "message": "Application startup complete.", "taskName": "Task-1"}
{"asctime": "2024-12-07T16:15:17", "msecs": 327.0, "levelname": "INFO", "correlation_id": "-", "name": "uvicorn.error", "lineno": 262, "message": "Shutting down", "taskName": "Task-1"}
{"asctime": "2024-12-07T16:15:17", "msecs": 437.0, "levelname": "INFO", "correlation_id": "-", "name": "uvicorn.error", "lineno": 67, "message": "Waiting for application shutdown.", "taskName": "Task-1"}
{"asctime": "2024-12-07T16:15:17", "msecs": 439.0, "levelname": "INFO", "correlation_id": "-", "name": "uvicorn.error", "lineno": 76, "message": "Application shutdown complete.", "taskName": "Task-1"}
{"asctime": "2024-12-07T16:15:17", "msecs": 440.0, "levelname": "INFO", "correlation_id": "-", "name": "uvicorn.error", "lineno": 92, "message": "Finished server process [31764]", "taskName": "Task-1", "color_message": "Finished server process [\u001b[36m%d\u001b[0m]"}
{"asctime": "2024-12-07T16:21:04", "msecs": 923.0, "levelname": "INFO", "correlation_id": "-", "name": "storeapi.main", "lineno": 18, "message": "Starting up...", "taskName": "Task-2"}
{"asctime": "2024-12-07T16:21:04", "msecs": 929.0, "levelname": "INFO", "correlation_id": "-", "name": "uvicorn.error", "lineno": 62, "message": "Application startup complete.", "taskName": "Task-1"}
{"asctime": "2024-12-07T16:21:11", "msecs": 880.0, "levelname": "INFO", "correlation_id": "4475b5fb", "name": "storeapi.routers.post", "lineno": 43, "message": "Getting all posts", "taskName": "Task-4"}
{"asctime": "2024-12-07T16:21:11", "msecs": 882.0, "levelname": "DEBUG", "correlation_id": "4475b5fb", "name": "storeapi.routers.post", "lineno": 45, "message": "SELECT posts.id, posts.body \nFROM posts", "taskName": "Task-4"}
{"asctime": "2024-12-07T16:21:11", "msecs": 887.0, "levelname": "INFO", "correlation_id": "4475b5fb", "name": "uvicorn.access", "lineno": 476, "message": "127.0.0.1:63120 - \"GET /post HTTP/1.1\" 200", "taskName": "Task-4"}
{"asctime": "2024-12-07T16:21:32", "msecs": 507.0, "levelname": "INFO", "correlation_id": "442443b5", "name": "storeapi.routers.post", "lineno": 70, "message": "Getting post with comments for post 1", "taskName": "Task-6"}
{"asctime": "2024-12-07T16:21:32", "msecs": 509.0, "levelname": "INFO", "correlation_id": "442443b5", "name": "storeapi.routers.post", "lineno": 20, "message": "Finding post with id 1", "taskName": "Task-6"}
{"asctime": "2024-12-07T16:21:32", "msecs": 511.0, "levelname": "DEBUG", "correlation_id": "442443b5", "name": "storeapi.routers.post", "lineno": 22, "message": "SELECT posts.id, posts.body \nFROM posts \nWHERE posts.id = :id_1", "taskName": "Task-6", "email": "WY***@example.com"}
{"asctime": "2024-12-07T16:21:32", "msecs": 515.0, "levelname": "INFO", "correlation_id": "442443b5", "name": "storeapi.routers.post", "lineno": 62, "message": "Getting comments for post 1", "taskName": "Task-6"}
{"asctime": "2024-12-07T16:21:32", "msecs": 517.0, "levelname": "DEBUG", "correlation_id": "442443b5", "name": "storeapi.routers.post", "lineno": 64, "message": "SELECT comments.id, comments.body, comments.post_id \nFROM comments \nWHERE comments.post_id = :post_id_1", "taskName": "Task-6"}
{"asctime": "2024-12-07T16:21:32", "msecs": 522.0, "levelname": "INFO", "correlation_id": "442443b5", "name": "uvicorn.access", "lineno": 476, "message": "127.0.0.1:63393 - \"GET /post/1 HTTP/1.1\" 200", "taskName": "Task-6"}
{"asctime": "2024-12-07T16:23:27", "msecs": 929.0, "levelname": "INFO", "correlation_id": "-", "name": "uvicorn.error", "lineno": 262, "message": "Shutting down", "taskName": "Task-1"}
{"asctime": "2024-12-07T16:23:28", "msecs": 37.0, "levelname": "INFO", "correlation_id": "-", "name": "uvicorn.error", "lineno": 67, "message": "Waiting for application shutdown.", "taskName": "Task-1"}
{"asctime": "2024-12-07T16:23:28", "msecs": 48.0, "levelname": "INFO", "correlation_id": "-", "name": "uvicorn.error", "lineno": 76, "message": "Application shutdown complete.", "taskName": "Task-1"}
{"asctime": "2024-12-07T16:23:28", "msecs": 50.0, "levelname": "INFO", "correlation_id": "-", "name": "uvicorn.error", "lineno": 92, "message": "Finished server process [16508]", "taskName": "Task-1", "color_message": "Finished server process [\u001b[36m%d\u001b[0m]"}
{"asctime": "2024-12-07T16:23:29", "msecs": 4.0, "levelname": "INFO", "correlation_id": "-", "name": "storeapi.main", "lineno": 18, "message": "Starting up...", "taskName": "Task-2"}
{"asctime": "2024-12-07T16:23:29", "msecs": 8.0, "levelname": "INFO", "correlation_id": "-", "name": "uvicorn.error", "lineno": 62, "message": "Application startup complete.", "taskName": "Task-1"}
{"asctime": "2024-12-07T16:23:31", "msecs": 295.0, "levelname": "INFO", "correlation_id": "-", "name": "uvicorn.error", "lineno": 262, "message": "Shutting down", "taskName": "Task-1"}
{"asctime": "2024-12-07T16:23:31", "msecs": 406.0, "levelname": "INFO", "correlation_id": "-", "name": "uvicorn.error", "lineno": 67, "message": "Waiting for application shutdown.", "taskName": "Task-1"}
{"asctime": "2024-12-07T16:23:31", "msecs": 408.0, "levelname": "INFO", "correlation_id": "-", "name": "uvicorn.error", "lineno": 76, "message": "Application shutdown complete.", "taskName": "Task-1"}
{"asctime": "2024-12-07T16:23:31", "msecs": 409.0, "levelname": "INFO", "correlation_id": "-", "name": "uvicorn.error", "lineno": 92, "message": "Finished server process [33664]", "taskName": "Task-1", "color_message": "Finished server process [\u001b[36m%d\u001b[0m]"}
